<?xml version="1.0" encoding="UTF-8"?>
<!-- Generated by org.testng.reporters.JUnitReportReporter -->
<testsuite hostname="Tanya_PC" failures="0" tests="11" name="com.framework.api.runner.ApiTestRunner" time="8.737" errors="0" timestamp="2026-04-11T12:45:42 IST" skipped="0">
  <testcase classname="com.framework.api.runner.ApiTestRunner" name="runScenario" time="0.342"/>
  <system-out/>
  <testcase classname="com.framework.api.runner.ApiTestRunner" name="runScenario" time="4.679"/>
  <system-out/>
  <testcase classname="com.framework.api.runner.ApiTestRunner" name="runScenario" time="0.399"/>
  <system-out/>
  <testcase classname="com.framework.api.runner.ApiTestRunner" name="runScenario" time="0.465"/>
  <system-out/>
  <testcase classname="com.framework.api.runner.ApiTestRunner" name="runScenario" time="0.434"/>
  <system-out/>
  <testcase classname="com.framework.api.runner.ApiTestRunner" name="runScenario" time="0.369"/>
  <system-out/>
  <testcase classname="com.framework.api.runner.ApiTestRunner" name="runScenario" time="0.357"/>
  <system-out/>
  <testcase classname="com.framework.api.runner.ApiTestRunner" name="runScenario" time="0.535"/>
  <system-out/>
  <testcase classname="com.framework.api.runner.ApiTestRunner" name="runScenario" time="0.450"/>
  <system-out/>
  <testcase classname="com.framework.api.runner.ApiTestRunner" name="runScenario" time="0.354"/>
  <system-out/>
  <testcase classname="com.framework.api.runner.ApiTestRunner" name="runScenario" time="0.353"/>
  <system-out/>
</testsuite> <!-- com.framework.api.runner.ApiTestRunner -->
