<?xml version="1.0" encoding="UTF-8"?>
<testng-results ignored="0" total="11" passed="11" failed="0" skipped="0">
  <reporter-output>
  </reporter-output>
  <suite started-at="2026-04-11T12:45:32 IST" name="API Test Suite" finished-at="2026-04-11T12:45:42 IST" duration-ms="9613">
    <groups>
      <group name="cucumber">
        <method signature="AbstractTestNGCucumberTests.runScenario(io.cucumber.testng.PickleWrapper,io.cucumber.testng.FeatureWrapper)[pri:0, instance:com.framework.api.runner.ApiTestRunner@6af9fcb2]" name="runScenario" class="io.cucumber.testng.AbstractTestNGCucumberTests"/>
      </group> <!-- cucumber -->
    </groups>
    <test started-at="2026-04-11T12:45:32 IST" name="API Tests" finished-at="2026-04-11T12:45:42 IST" duration-ms="9613">
      <class name="com.framework.api.runner.ApiTestRunner">
        <test-method is-config="true" signature="setUpClass(org.testng.ITestContext)[pri:0, instance:com.framework.api.runner.ApiTestRunner@6af9fcb2]" started-at="2026-04-11T12:45:32 IST" name="setUpClass" finished-at="2026-04-11T12:45:33 IST" duration-ms="660" status="PASS">
          <params>
            <param index="0">
              <value>
                <![CDATA[org.testng.TestRunner@2df6226d]]>
              </value>
            </param>
          </params>
          <reporter-output>
          </reporter-output>
        </test-method> <!-- setUpClass -->
        <test-method signature="runScenario(io.cucumber.testng.PickleWrapper,io.cucumber.testng.FeatureWrapper)[pri:0, instance:com.framework.api.runner.ApiTestRunner@6af9fcb2]" started-at="2026-04-11T12:45:33 IST" name="runScenario" description="Runs Cucumber Scenarios" data-provider="scenarios" finished-at="2026-04-11T12:45:38 IST" duration-ms="4679" status="PASS">
          <params>
            <param index="0">
              <value>
                <![CDATA["Get All Products List - TC1"]]>
              </value>
            </param>
            <param index="1">
              <value>
                <![CDATA["TC1 - Get All Products List"]]>
              </value>
            </param>
          </params>
          <reporter-output>
          </reporter-output>
        </test-method> <!-- runScenario -->
        <test-method signature="runScenario(io.cucumber.testng.PickleWrapper,io.cucumber.testng.FeatureWrapper)[pri:0, instance:com.framework.api.runner.ApiTestRunner@6af9fcb2]" started-at="2026-04-11T12:45:38 IST" name="runScenario" description="Runs Cucumber Scenarios" data-provider="scenarios" finished-at="2026-04-11T12:45:38 IST" duration-ms="535" status="PASS">
          <params>
            <param index="0">
              <value>
                <![CDATA["Get Single Product Details by Search - TC2"]]>
              </value>
            </param>
            <param index="1">
              <value>
                <![CDATA["TC2 - Get Single Product Details"]]>
              </value>
            </param>
          </params>
          <reporter-output>
          </reporter-output>
        </test-method> <!-- runScenario -->
        <test-method signature="runScenario(io.cucumber.testng.PickleWrapper,io.cucumber.testng.FeatureWrapper)[pri:0, instance:com.framework.api.runner.ApiTestRunner@6af9fcb2]" started-at="2026-04-11T12:45:38 IST" name="runScenario" description="Runs Cucumber Scenarios" data-provider="scenarios" finished-at="2026-04-11T12:45:39 IST" duration-ms="465" status="PASS">
          <params>
            <param index="0">
              <value>
                <![CDATA["Get Single Product Details with Different Search Terms - TC2"]]>
              </value>
            </param>
            <param index="1">
              <value>
                <![CDATA["TC2 - Get Single Product Details"]]>
              </value>
            </param>
          </params>
          <reporter-output>
          </reporter-output>
        </test-method> <!-- runScenario -->
        <test-method signature="runScenario(io.cucumber.testng.PickleWrapper,io.cucumber.testng.FeatureWrapper)[pri:0, instance:com.framework.api.runner.ApiTestRunner@6af9fcb2]" started-at="2026-04-11T12:45:39 IST" name="runScenario" description="Runs Cucumber Scenarios" data-provider="scenarios" finished-at="2026-04-11T12:45:39 IST" duration-ms="434" status="PASS">
          <params>
            <param index="0">
              <value>
                <![CDATA["Get Single Product Details with Different Search Terms - TC2"]]>
              </value>
            </param>
            <param index="1">
              <value>
                <![CDATA["TC2 - Get Single Product Details"]]>
              </value>
            </param>
          </params>
          <reporter-output>
          </reporter-output>
        </test-method> <!-- runScenario -->
        <test-method signature="runScenario(io.cucumber.testng.PickleWrapper,io.cucumber.testng.FeatureWrapper)[pri:0, instance:com.framework.api.runner.ApiTestRunner@6af9fcb2]" started-at="2026-04-11T12:45:39 IST" name="runScenario" description="Runs Cucumber Scenarios" data-provider="scenarios" finished-at="2026-04-11T12:45:40 IST" duration-ms="399" status="PASS">
          <params>
            <param index="0">
              <value>
                <![CDATA["Get Single Product Details with Different Search Terms - TC2"]]>
              </value>
            </param>
            <param index="1">
              <value>
                <![CDATA["TC2 - Get Single Product Details"]]>
              </value>
            </param>
          </params>
          <reporter-output>
          </reporter-output>
        </test-method> <!-- runScenario -->
        <test-method signature="runScenario(io.cucumber.testng.PickleWrapper,io.cucumber.testng.FeatureWrapper)[pri:0, instance:com.framework.api.runner.ApiTestRunner@6af9fcb2]" started-at="2026-04-11T12:45:40 IST" name="runScenario" description="Runs Cucumber Scenarios" data-provider="scenarios" finished-at="2026-04-11T12:45:40 IST" duration-ms="369" status="PASS">
          <params>
            <param index="0">
              <value>
                <![CDATA["Create New User Account - TC3"]]>
              </value>
            </param>
            <param index="1">
              <value>
                <![CDATA["TC3 - Create User Account"]]>
              </value>
            </param>
          </params>
          <reporter-output>
          </reporter-output>
        </test-method> <!-- runScenario -->
        <test-method signature="runScenario(io.cucumber.testng.PickleWrapper,io.cucumber.testng.FeatureWrapper)[pri:0, instance:com.framework.api.runner.ApiTestRunner@6af9fcb2]" started-at="2026-04-11T12:45:40 IST" name="runScenario" description="Runs Cucumber Scenarios" data-provider="scenarios" finished-at="2026-04-11T12:45:40 IST" duration-ms="354" status="PASS">
          <params>
            <param index="0">
              <value>
                <![CDATA["Delete User Account - TC4"]]>
              </value>
            </param>
            <param index="1">
              <value>
                <![CDATA["TC4 - Delete User Account"]]>
              </value>
            </param>
          </params>
          <reporter-output>
          </reporter-output>
        </test-method> <!-- runScenario -->
        <test-method signature="runScenario(io.cucumber.testng.PickleWrapper,io.cucumber.testng.FeatureWrapper)[pri:0, instance:com.framework.api.runner.ApiTestRunner@6af9fcb2]" started-at="2026-04-11T12:45:40 IST" name="runScenario" description="Runs Cucumber Scenarios" data-provider="scenarios" finished-at="2026-04-11T12:45:41 IST" duration-ms="450" status="PASS">
          <params>
            <param index="0">
              <value>
                <![CDATA["Update User Account - TC5"]]>
              </value>
            </param>
            <param index="1">
              <value>
                <![CDATA["TC5 - Update User Account"]]>
              </value>
            </param>
          </params>
          <reporter-output>
          </reporter-output>
        </test-method> <!-- runScenario -->
        <test-method signature="runScenario(io.cucumber.testng.PickleWrapper,io.cucumber.testng.FeatureWrapper)[pri:0, instance:com.framework.api.runner.ApiTestRunner@6af9fcb2]" started-at="2026-04-11T12:45:41 IST" name="runScenario" description="Runs Cucumber Scenarios" data-provider="scenarios" finished-at="2026-04-11T12:45:41 IST" duration-ms="357" status="PASS">
          <params>
            <param index="0">
              <value>
                <![CDATA["Negative Validation - Invalid Email - TC6"]]>
              </value>
            </param>
            <param index="1">
              <value>
                <![CDATA["TC6 - Negative Validation"]]>
              </value>
            </param>
          </params>
          <reporter-output>
          </reporter-output>
        </test-method> <!-- runScenario -->
        <test-method signature="runScenario(io.cucumber.testng.PickleWrapper,io.cucumber.testng.FeatureWrapper)[pri:0, instance:com.framework.api.runner.ApiTestRunner@6af9fcb2]" started-at="2026-04-11T12:45:41 IST" name="runScenario" description="Runs Cucumber Scenarios" data-provider="scenarios" finished-at="2026-04-11T12:45:42 IST" duration-ms="342" status="PASS">
          <params>
            <param index="0">
              <value>
                <![CDATA["Negative Validation - Missing Required Fields - TC6"]]>
              </value>
            </param>
            <param index="1">
              <value>
                <![CDATA["TC6 - Negative Validation"]]>
              </value>
            </param>
          </params>
          <reporter-output>
          </reporter-output>
        </test-method> <!-- runScenario -->
        <test-method signature="runScenario(io.cucumber.testng.PickleWrapper,io.cucumber.testng.FeatureWrapper)[pri:0, instance:com.framework.api.runner.ApiTestRunner@6af9fcb2]" started-at="2026-04-11T12:45:42 IST" name="runScenario" description="Runs Cucumber Scenarios" data-provider="scenarios" finished-at="2026-04-11T12:45:42 IST" duration-ms="353" status="PASS">
          <params>
            <param index="0">
              <value>
                <![CDATA["Negative Validation - Invalid Search Parameter - TC6"]]>
              </value>
            </param>
            <param index="1">
              <value>
                <![CDATA["TC6 - Negative Validation"]]>
              </value>
            </param>
          </params>
          <reporter-output>
          </reporter-output>
        </test-method> <!-- runScenario -->
        <test-method is-config="true" signature="tearDownClass()[pri:0, instance:com.framework.api.runner.ApiTestRunner@6af9fcb2]" started-at="2026-04-11T12:45:42 IST" name="tearDownClass" finished-at="2026-04-11T12:45:42 IST" duration-ms="75" status="PASS">
          <reporter-output>
          </reporter-output>
        </test-method> <!-- tearDownClass -->
      </class> <!-- com.framework.api.runner.ApiTestRunner -->
    </test> <!-- API Tests -->
  </suite> <!-- API Test Suite -->
</testng-results>
